Chronologic VCS simulator copyright 1991-2022
Contains Synopsys proprietary information.
Compiler version T-2022.06_Full64; Runtime version T-2022.06_Full64;  Jan 28 12:40 2024
[SYSTEM] Timeout threshold is set to 2000 cycles.
*Verdi* Loading libsscore_vcs202206.so
FSDB Dumper for VCS, Release Verdi_T-2022.06, Linux x86_64/64bit, 05/29/2022
(C) 1996 - 2022 by Synopsys, Inc.
*Verdi* FSDB WARNING: The FSDB file already exists. Overwriting the FSDB file may crash the programs that are using this file.
*Verdi* : Create FSDB file 'wave.fsdb'
*Verdi* : Begin traversing the scopes, layer (0).
*Verdi* : End of traversing.
*Verdi* : fsdbDumpon - All FSDB files at 0 s.
[fch][2] send inst pc[80000000] = 00000093
[fch][3] send inst pc[80000004] = 00000113
[fch][4] send inst pc[80000008] = 00000193
[fch][5] send inst pc[8000000c] = 00000213
[fch][6] send inst pc[80000010] = 00000293
[fch][7] send inst pc[80000014] = 00000313
[fch][8] send inst pc[80000018] = 00000393
[fch][9] send inst pc[8000001c] = 00000413
[fch][10] send inst pc[80000020] = 00000493
[fch][11] send inst pc[80000024] = 00000513
[fch][12] send inst pc[80000028] = 00000593
[fch][13] send inst pc[8000002c] = 00000613
[fch][14] send inst pc[80000030] = 00000693
[fch][15] send inst pc[80000034] = 00000713
[fch][16] send inst pc[80000038] = 00000793
[fch][17] send inst pc[8000003c] = 00000813
[fch][18] send inst pc[80000040] = 00000893
[fch][19] send inst pc[80000044] = 00000913
[fch][20] send inst pc[80000048] = 00000993
[fch][21] send inst pc[8000004c] = 00000a13
[fch][22] send inst pc[80000050] = 00000a93
[fch][23] send inst pc[80000054] = 00000b13
[fch][24] send inst pc[80000058] = 00000b93
[fch][25] send inst pc[8000005c] = 00000c13
[fch][26] send inst pc[80000060] = 00000c93
[fch][27] send inst pc[80000064] = 00000d13
[fch][28] send inst pc[80000068] = 00000d93
[fch][29] send inst pc[8000006c] = 00000e13
[fch][30] send inst pc[80000070] = 00000e93
[fch][31] send inst pc[80000074] = 00000f13
[fch][32] send inst pc[80000078] = 00000f93
[fch][33] send inst pc[8000007c] = 40000117
[fch][34] send inst pc[80000080] = f8410113
[fch][35] send inst pc[80000084] = 20001297
[fch][36] send inst pc[80000088] = 9dc28293
[fch][37] send inst pc[8000008c] = 20003317
[fch][38] send inst pc[80000090] = 20c30313
[fch][39] send inst pc[80000094] = 0002a023
[fch][40] send inst pc[80000098] = 00428293
[fch][41] send inst pc[8000009c] = fe62cce3
[fch][44] send inst pc[80000094] = 0002a023
[fch][45] send inst pc[80000098] = 00428293
[fch][46] send inst pc[8000009c] = fe62cce3
[fch][49] send inst pc[80000094] = 0002a023
[fch][50] send inst pc[80000098] = 00428293
[fch][51] send inst pc[8000009c] = fe62cce3
[fch][54] send inst pc[80000094] = 0002a023
[fch][55] send inst pc[80000098] = 00428293
[fch][56] send inst pc[8000009c] = fe62cce3
[fch][59] send inst pc[80000094] = 0002a023
[fch][60] send inst pc[80000098] = 00428293
[fch][61] send inst pc[8000009c] = fe62cce3
[fch][64] send inst pc[80000094] = 0002a023
[fch][65] send inst pc[80000098] = 00428293
[fch][66] send inst pc[8000009c] = fe62cce3
[fch][69] send inst pc[80000094] = 0002a023
[fch][70] send inst pc[80000098] = 00428293
[fch][71] send inst pc[8000009c] = fe62cce3
[fch][74] send inst pc[80000094] = 0002a023
[fch][75] send inst pc[80000098] = 00428293
[fch][76] send inst pc[8000009c] = fe62cce3
[fch][79] send inst pc[80000094] = 0002a023
[fch][80] send inst pc[80000098] = 00428293
[fch][81] send inst pc[8000009c] = fe62cce3
[fch][84] send inst pc[80000094] = 0002a023
[fch][85] send inst pc[80000098] = 00428293
[fch][86] send inst pc[8000009c] = fe62cce3
[fch][89] send inst pc[80000094] = 0002a023
[fch][90] send inst pc[80000098] = 00428293
[fch][91] send inst pc[8000009c] = fe62cce3
[fch][94] send inst pc[80000094] = 0002a023
[fch][95] send inst pc[80000098] = 00428293
[fch][96] send inst pc[8000009c] = fe62cce3
[fch][99] send inst pc[80000094] = 0002a023
[fch][100] send inst pc[80000098] = 00428293
[fch][101] send inst pc[8000009c] = fe62cce3
[fch][104] send inst pc[80000094] = 0002a023
[fch][105] send inst pc[80000098] = 00428293
[fch][106] send inst pc[8000009c] = fe62cce3
[fch][109] send inst pc[80000094] = 0002a023
[fch][110] send inst pc[80000098] = 00428293
[fch][111] send inst pc[8000009c] = fe62cce3
[fch][114] send inst pc[80000094] = 0002a023
[fch][115] send inst pc[80000098] = 00428293
[fch][116] send inst pc[8000009c] = fe62cce3
[fch][119] send inst pc[80000094] = 0002a023
[fch][120] send inst pc[80000098] = 00428293
[fch][121] send inst pc[8000009c] = fe62cce3
[fch][124] send inst pc[80000094] = 0002a023
[fch][125] send inst pc[80000098] = 00428293
[fch][126] send inst pc[8000009c] = fe62cce3
[fch][129] send inst pc[80000094] = 0002a023
[fch][130] send inst pc[80000098] = 00428293
[fch][131] send inst pc[8000009c] = fe62cce3
[fch][134] send inst pc[80000094] = 0002a023
[fch][135] send inst pc[80000098] = 00428293
[fch][136] send inst pc[8000009c] = fe62cce3
[fch][139] send inst pc[80000094] = 0002a023
[fch][140] send inst pc[80000098] = 00428293
[fch][141] send inst pc[8000009c] = fe62cce3
[fch][144] send inst pc[80000094] = 0002a023
[fch][145] send inst pc[80000098] = 00428293
[fch][146] send inst pc[8000009c] = fe62cce3
[fch][149] send inst pc[80000094] = 0002a023
[fch][150] send inst pc[80000098] = 00428293
[fch][151] send inst pc[8000009c] = fe62cce3
[fch][154] send inst pc[80000094] = 0002a023
[fch][155] send inst pc[80000098] = 00428293
[fch][156] send inst pc[8000009c] = fe62cce3
[fch][159] send inst pc[80000094] = 0002a023
[fch][160] send inst pc[80000098] = 00428293
[fch][161] send inst pc[8000009c] = fe62cce3
[fch][164] send inst pc[80000094] = 0002a023
[fch][165] send inst pc[80000098] = 00428293
[fch][166] send inst pc[8000009c] = fe62cce3
[fch][169] send inst pc[80000094] = 0002a023
[fch][170] send inst pc[80000098] = 00428293
[fch][171] send inst pc[8000009c] = fe62cce3
[fch][174] send inst pc[80000094] = 0002a023
[fch][175] send inst pc[80000098] = 00428293
[fch][176] send inst pc[8000009c] = fe62cce3
[fch][179] send inst pc[80000094] = 0002a023
[fch][180] send inst pc[80000098] = 00428293
[fch][181] send inst pc[8000009c] = fe62cce3
[fch][184] send inst pc[80000094] = 0002a023
[fch][185] send inst pc[80000098] = 00428293
[fch][186] send inst pc[8000009c] = fe62cce3
[fch][189] send inst pc[80000094] = 0002a023
[fch][190] send inst pc[80000098] = 00428293
[fch][191] send inst pc[8000009c] = fe62cce3
[fch][194] send inst pc[80000094] = 0002a023
[fch][195] send inst pc[80000098] = 00428293
[fch][196] send inst pc[8000009c] = fe62cce3
[fch][199] send inst pc[80000094] = 0002a023
[fch][200] send inst pc[80000098] = 00428293
[fch][201] send inst pc[8000009c] = fe62cce3
[fch][204] send inst pc[80000094] = 0002a023
[fch][205] send inst pc[80000098] = 00428293
[fch][206] send inst pc[8000009c] = fe62cce3
[fch][209] send inst pc[80000094] = 0002a023
[fch][210] send inst pc[80000098] = 00428293
[fch][211] send inst pc[8000009c] = fe62cce3
[fch][214] send inst pc[80000094] = 0002a023
[fch][215] send inst pc[80000098] = 00428293
[fch][216] send inst pc[8000009c] = fe62cce3
[fch][219] send inst pc[80000094] = 0002a023
[fch][220] send inst pc[80000098] = 00428293
[fch][221] send inst pc[8000009c] = fe62cce3
[fch][224] send inst pc[80000094] = 0002a023
[fch][225] send inst pc[80000098] = 00428293
[fch][226] send inst pc[8000009c] = fe62cce3
[fch][229] send inst pc[80000094] = 0002a023
[fch][230] send inst pc[80000098] = 00428293
[fch][231] send inst pc[8000009c] = fe62cce3
[fch][234] send inst pc[80000094] = 0002a023
[fch][235] send inst pc[80000098] = 00428293
[fch][236] send inst pc[8000009c] = fe62cce3
[fch][239] send inst pc[80000094] = 0002a023
[fch][240] send inst pc[80000098] = 00428293
[fch][241] send inst pc[8000009c] = fe62cce3
[fch][244] send inst pc[80000094] = 0002a023
[fch][245] send inst pc[80000098] = 00428293
[fch][246] send inst pc[8000009c] = fe62cce3
[fch][249] send inst pc[80000094] = 0002a023
[fch][250] send inst pc[80000098] = 00428293
[fch][251] send inst pc[8000009c] = fe62cce3
[fch][254] send inst pc[80000094] = 0002a023
[fch][255] send inst pc[80000098] = 00428293
[fch][256] send inst pc[8000009c] = fe62cce3
[fch][259] send inst pc[80000094] = 0002a023
[fch][260] send inst pc[80000098] = 00428293
[fch][261] send inst pc[8000009c] = fe62cce3
[fch][264] send inst pc[80000094] = 0002a023
[fch][265] send inst pc[80000098] = 00428293
[fch][266] send inst pc[8000009c] = fe62cce3
[fch][269] send inst pc[80000094] = 0002a023
[fch][270] send inst pc[80000098] = 00428293
[fch][271] send inst pc[8000009c] = fe62cce3
[fch][274] send inst pc[80000094] = 0002a023
[fch][275] send inst pc[80000098] = 00428293
[fch][276] send inst pc[8000009c] = fe62cce3
[fch][279] send inst pc[80000094] = 0002a023
[fch][280] send inst pc[80000098] = 00428293
[fch][281] send inst pc[8000009c] = fe62cce3
[fch][284] send inst pc[80000094] = 0002a023
[fch][285] send inst pc[80000098] = 00428293
[fch][286] send inst pc[8000009c] = fe62cce3
[fch][289] send inst pc[80000094] = 0002a023
[fch][290] send inst pc[80000098] = 00428293
[fch][291] send inst pc[8000009c] = fe62cce3
[fch][294] send inst pc[80000094] = 0002a023
[fch][295] send inst pc[80000098] = 00428293
[fch][296] send inst pc[8000009c] = fe62cce3
[fch][299] send inst pc[80000094] = 0002a023
[fch][300] send inst pc[80000098] = 00428293
[fch][301] send inst pc[8000009c] = fe62cce3
[fch][304] send inst pc[80000094] = 0002a023
[fch][305] send inst pc[80000098] = 00428293
[fch][306] send inst pc[8000009c] = fe62cce3
[fch][309] send inst pc[80000094] = 0002a023
[fch][310] send inst pc[80000098] = 00428293
[fch][311] send inst pc[8000009c] = fe62cce3
[fch][314] send inst pc[80000094] = 0002a023
[fch][315] send inst pc[80000098] = 00428293
[fch][316] send inst pc[8000009c] = fe62cce3
[fch][319] send inst pc[80000094] = 0002a023
[fch][320] send inst pc[80000098] = 00428293
[fch][321] send inst pc[8000009c] = fe62cce3
[fch][324] send inst pc[80000094] = 0002a023
[fch][325] send inst pc[80000098] = 00428293
[fch][326] send inst pc[8000009c] = fe62cce3
[fch][329] send inst pc[80000094] = 0002a023
[fch][330] send inst pc[80000098] = 00428293
[fch][331] send inst pc[8000009c] = fe62cce3
[fch][334] send inst pc[80000094] = 0002a023
[fch][335] send inst pc[80000098] = 00428293
[fch][336] send inst pc[8000009c] = fe62cce3
[fch][339] send inst pc[80000094] = 0002a023
[fch][340] send inst pc[80000098] = 00428293
[fch][341] send inst pc[8000009c] = fe62cce3
[fch][344] send inst pc[80000094] = 0002a023
[fch][345] send inst pc[80000098] = 00428293
[fch][346] send inst pc[8000009c] = fe62cce3
[fch][349] send inst pc[80000094] = 0002a023
[fch][350] send inst pc[80000098] = 00428293
[fch][351] send inst pc[8000009c] = fe62cce3
[fch][354] send inst pc[80000094] = 0002a023
[fch][355] send inst pc[80000098] = 00428293
[fch][356] send inst pc[8000009c] = fe62cce3
[fch][359] send inst pc[80000094] = 0002a023
[fch][360] send inst pc[80000098] = 00428293
[fch][361] send inst pc[8000009c] = fe62cce3
[fch][364] send inst pc[80000094] = 0002a023
[fch][365] send inst pc[80000098] = 00428293
[fch][366] send inst pc[8000009c] = fe62cce3
[fch][369] send inst pc[80000094] = 0002a023
[fch][370] send inst pc[80000098] = 00428293
[fch][371] send inst pc[8000009c] = fe62cce3
[fch][374] send inst pc[80000094] = 0002a023
[fch][375] send inst pc[80000098] = 00428293
[fch][376] send inst pc[8000009c] = fe62cce3
[fch][379] send inst pc[80000094] = 0002a023
[fch][380] send inst pc[80000098] = 00428293
[fch][381] send inst pc[8000009c] = fe62cce3
[fch][384] send inst pc[80000094] = 0002a023
[fch][385] send inst pc[80000098] = 00428293
[fch][386] send inst pc[8000009c] = fe62cce3
[fch][389] send inst pc[80000094] = 0002a023
[fch][390] send inst pc[80000098] = 00428293
[fch][391] send inst pc[8000009c] = fe62cce3
[fch][394] send inst pc[80000094] = 0002a023
[fch][395] send inst pc[80000098] = 00428293
[fch][396] send inst pc[8000009c] = fe62cce3
[fch][399] send inst pc[80000094] = 0002a023
[fch][400] send inst pc[80000098] = 00428293
[fch][401] send inst pc[8000009c] = fe62cce3
[fch][404] send inst pc[80000094] = 0002a023
[fch][405] send inst pc[80000098] = 00428293
[fch][406] send inst pc[8000009c] = fe62cce3
[fch][409] send inst pc[80000094] = 0002a023
[fch][410] send inst pc[80000098] = 00428293
[fch][411] send inst pc[8000009c] = fe62cce3
[fch][414] send inst pc[80000094] = 0002a023
[fch][415] send inst pc[80000098] = 00428293
[fch][416] send inst pc[8000009c] = fe62cce3
[fch][419] send inst pc[80000094] = 0002a023
[fch][420] send inst pc[80000098] = 00428293
[fch][421] send inst pc[8000009c] = fe62cce3
[fch][424] send inst pc[80000094] = 0002a023
[fch][425] send inst pc[80000098] = 00428293
[fch][426] send inst pc[8000009c] = fe62cce3
[fch][429] send inst pc[80000094] = 0002a023
[fch][430] send inst pc[80000098] = 00428293
[fch][431] send inst pc[8000009c] = fe62cce3
[fch][434] send inst pc[80000094] = 0002a023
[fch][435] send inst pc[80000098] = 00428293
[fch][436] send inst pc[8000009c] = fe62cce3
[fch][439] send inst pc[80000094] = 0002a023
[fch][440] send inst pc[80000098] = 00428293
[fch][441] send inst pc[8000009c] = fe62cce3
[fch][444] send inst pc[80000094] = 0002a023
[fch][445] send inst pc[80000098] = 00428293
[fch][446] send inst pc[8000009c] = fe62cce3
[fch][449] send inst pc[80000094] = 0002a023
[fch][450] send inst pc[80000098] = 00428293
[fch][451] send inst pc[8000009c] = fe62cce3
[fch][454] send inst pc[80000094] = 0002a023
[fch][455] send inst pc[80000098] = 00428293
[fch][456] send inst pc[8000009c] = fe62cce3
[fch][459] send inst pc[80000094] = 0002a023
[fch][460] send inst pc[80000098] = 00428293
[fch][461] send inst pc[8000009c] = fe62cce3
[fch][464] send inst pc[80000094] = 0002a023
[fch][465] send inst pc[80000098] = 00428293
[fch][466] send inst pc[8000009c] = fe62cce3
[fch][469] send inst pc[80000094] = 0002a023
[fch][470] send inst pc[80000098] = 00428293
[fch][471] send inst pc[8000009c] = fe62cce3
[fch][474] send inst pc[80000094] = 0002a023
[fch][475] send inst pc[80000098] = 00428293
[fch][476] send inst pc[8000009c] = fe62cce3
[fch][479] send inst pc[80000094] = 0002a023
[fch][480] send inst pc[80000098] = 00428293
[fch][481] send inst pc[8000009c] = fe62cce3
[fch][484] send inst pc[80000094] = 0002a023
[fch][485] send inst pc[80000098] = 00428293
[fch][486] send inst pc[8000009c] = fe62cce3
[fch][489] send inst pc[80000094] = 0002a023
[fch][490] send inst pc[80000098] = 00428293
[fch][491] send inst pc[8000009c] = fe62cce3
[fch][494] send inst pc[80000094] = 0002a023
[fch][495] send inst pc[80000098] = 00428293
[fch][496] send inst pc[8000009c] = fe62cce3
[fch][499] send inst pc[80000094] = 0002a023
[fch][500] send inst pc[80000098] = 00428293
[fch][501] send inst pc[8000009c] = fe62cce3
[fch][504] send inst pc[80000094] = 0002a023
[fch][505] send inst pc[80000098] = 00428293
[fch][506] send inst pc[8000009c] = fe62cce3
[fch][509] send inst pc[80000094] = 0002a023
[fch][510] send inst pc[80000098] = 00428293
[fch][511] send inst pc[8000009c] = fe62cce3
[fch][514] send inst pc[80000094] = 0002a023
[fch][515] send inst pc[80000098] = 00428293
[fch][516] send inst pc[8000009c] = fe62cce3
[fch][519] send inst pc[80000094] = 0002a023
[fch][520] send inst pc[80000098] = 00428293
[fch][521] send inst pc[8000009c] = fe62cce3
[fch][524] send inst pc[80000094] = 0002a023
[fch][525] send inst pc[80000098] = 00428293
[fch][526] send inst pc[8000009c] = fe62cce3
[fch][529] send inst pc[80000094] = 0002a023
[fch][530] send inst pc[80000098] = 00428293
[fch][531] send inst pc[8000009c] = fe62cce3
[fch][534] send inst pc[80000094] = 0002a023
[fch][535] send inst pc[80000098] = 00428293
[fch][536] send inst pc[8000009c] = fe62cce3
[fch][539] send inst pc[80000094] = 0002a023
[fch][540] send inst pc[80000098] = 00428293
[fch][541] send inst pc[8000009c] = fe62cce3
[fch][544] send inst pc[80000094] = 0002a023
[fch][545] send inst pc[80000098] = 00428293
[fch][546] send inst pc[8000009c] = fe62cce3
[fch][549] send inst pc[80000094] = 0002a023
[fch][550] send inst pc[80000098] = 00428293
[fch][551] send inst pc[8000009c] = fe62cce3
[fch][554] send inst pc[80000094] = 0002a023
[fch][555] send inst pc[80000098] = 00428293
[fch][556] send inst pc[8000009c] = fe62cce3
[fch][559] send inst pc[80000094] = 0002a023
[fch][560] send inst pc[80000098] = 00428293
[fch][561] send inst pc[8000009c] = fe62cce3
[fch][564] send inst pc[80000094] = 0002a023
[fch][565] send inst pc[80000098] = 00428293
[fch][566] send inst pc[8000009c] = fe62cce3
[fch][569] send inst pc[80000094] = 0002a023
[fch][570] send inst pc[80000098] = 00428293
[fch][571] send inst pc[8000009c] = fe62cce3
[fch][574] send inst pc[80000094] = 0002a023
[fch][575] send inst pc[80000098] = 00428293
[fch][576] send inst pc[8000009c] = fe62cce3
[fch][579] send inst pc[80000094] = 0002a023
[fch][580] send inst pc[80000098] = 00428293
[fch][581] send inst pc[8000009c] = fe62cce3
[fch][584] send inst pc[80000094] = 0002a023
[fch][585] send inst pc[80000098] = 00428293
[fch][586] send inst pc[8000009c] = fe62cce3
[fch][589] send inst pc[80000094] = 0002a023
[fch][590] send inst pc[80000098] = 00428293
[fch][591] send inst pc[8000009c] = fe62cce3
[fch][594] send inst pc[80000094] = 0002a023
[fch][595] send inst pc[80000098] = 00428293
[fch][596] send inst pc[8000009c] = fe62cce3
[fch][599] send inst pc[80000094] = 0002a023
[fch][600] send inst pc[80000098] = 00428293
[fch][601] send inst pc[8000009c] = fe62cce3
[fch][604] send inst pc[80000094] = 0002a023
[fch][605] send inst pc[80000098] = 00428293
[fch][606] send inst pc[8000009c] = fe62cce3
[fch][609] send inst pc[80000094] = 0002a023
[fch][610] send inst pc[80000098] = 00428293
[fch][611] send inst pc[8000009c] = fe62cce3
[fch][614] send inst pc[80000094] = 0002a023
[fch][615] send inst pc[80000098] = 00428293
[fch][616] send inst pc[8000009c] = fe62cce3
[fch][619] send inst pc[80000094] = 0002a023
[fch][620] send inst pc[80000098] = 00428293
[fch][621] send inst pc[8000009c] = fe62cce3
[fch][624] send inst pc[80000094] = 0002a023
[fch][625] send inst pc[80000098] = 00428293
[fch][626] send inst pc[8000009c] = fe62cce3
[fch][629] send inst pc[80000094] = 0002a023
[fch][630] send inst pc[80000098] = 00428293
[fch][631] send inst pc[8000009c] = fe62cce3
[fch][634] send inst pc[80000094] = 0002a023
[fch][635] send inst pc[80000098] = 00428293
[fch][636] send inst pc[8000009c] = fe62cce3
[fch][639] send inst pc[80000094] = 0002a023
[fch][640] send inst pc[80000098] = 00428293
[fch][641] send inst pc[8000009c] = fe62cce3
[fch][644] send inst pc[80000094] = 0002a023
[fch][645] send inst pc[80000098] = 00428293
[fch][646] send inst pc[8000009c] = fe62cce3
[fch][649] send inst pc[80000094] = 0002a023
[fch][650] send inst pc[80000098] = 00428293
[fch][651] send inst pc[8000009c] = fe62cce3
[fch][654] send inst pc[80000094] = 0002a023
[fch][655] send inst pc[80000098] = 00428293
[fch][656] send inst pc[8000009c] = fe62cce3
[fch][659] send inst pc[80000094] = 0002a023
[fch][660] send inst pc[80000098] = 00428293
[fch][661] send inst pc[8000009c] = fe62cce3
[fch][664] send inst pc[80000094] = 0002a023
[fch][665] send inst pc[80000098] = 00428293
[fch][666] send inst pc[8000009c] = fe62cce3
[fch][669] send inst pc[80000094] = 0002a023
[fch][670] send inst pc[80000098] = 00428293
[fch][671] send inst pc[8000009c] = fe62cce3
[fch][674] send inst pc[80000094] = 0002a023
[fch][675] send inst pc[80000098] = 00428293
[fch][676] send inst pc[8000009c] = fe62cce3
[fch][679] send inst pc[80000094] = 0002a023
[fch][680] send inst pc[80000098] = 00428293
[fch][681] send inst pc[8000009c] = fe62cce3
[fch][684] send inst pc[80000094] = 0002a023
[fch][685] send inst pc[80000098] = 00428293
[fch][686] send inst pc[8000009c] = fe62cce3
[fch][689] send inst pc[80000094] = 0002a023
[fch][690] send inst pc[80000098] = 00428293
[fch][691] send inst pc[8000009c] = fe62cce3
[fch][694] send inst pc[80000094] = 0002a023
[fch][695] send inst pc[80000098] = 00428293
[fch][696] send inst pc[8000009c] = fe62cce3
[fch][699] send inst pc[80000094] = 0002a023
[fch][700] send inst pc[80000098] = 00428293
[fch][701] send inst pc[8000009c] = fe62cce3
[fch][704] send inst pc[80000094] = 0002a023
[fch][705] send inst pc[80000098] = 00428293
[fch][706] send inst pc[8000009c] = fe62cce3
[fch][709] send inst pc[80000094] = 0002a023
[fch][710] send inst pc[80000098] = 00428293
[fch][711] send inst pc[8000009c] = fe62cce3
[fch][714] send inst pc[80000094] = 0002a023
[fch][715] send inst pc[80000098] = 00428293
[fch][716] send inst pc[8000009c] = fe62cce3
[fch][719] send inst pc[80000094] = 0002a023
[fch][720] send inst pc[80000098] = 00428293
[fch][721] send inst pc[8000009c] = fe62cce3
[fch][724] send inst pc[80000094] = 0002a023
[fch][725] send inst pc[80000098] = 00428293
[fch][726] send inst pc[8000009c] = fe62cce3
[fch][729] send inst pc[80000094] = 0002a023
[fch][730] send inst pc[80000098] = 00428293
[fch][731] send inst pc[8000009c] = fe62cce3
[fch][734] send inst pc[80000094] = 0002a023
[fch][735] send inst pc[80000098] = 00428293
[fch][736] send inst pc[8000009c] = fe62cce3
[fch][739] send inst pc[80000094] = 0002a023
[fch][740] send inst pc[80000098] = 00428293
[fch][741] send inst pc[8000009c] = fe62cce3
[fch][744] send inst pc[80000094] = 0002a023
[fch][745] send inst pc[80000098] = 00428293
[fch][746] send inst pc[8000009c] = fe62cce3
[fch][749] send inst pc[80000094] = 0002a023
[fch][750] send inst pc[80000098] = 00428293
[fch][751] send inst pc[8000009c] = fe62cce3
[fch][754] send inst pc[80000094] = 0002a023
[fch][755] send inst pc[80000098] = 00428293
[fch][756] send inst pc[8000009c] = fe62cce3
[fch][759] send inst pc[80000094] = 0002a023
[fch][760] send inst pc[80000098] = 00428293
[fch][761] send inst pc[8000009c] = fe62cce3
[fch][764] send inst pc[80000094] = 0002a023
[fch][765] send inst pc[80000098] = 00428293
[fch][766] send inst pc[8000009c] = fe62cce3
[fch][769] send inst pc[80000094] = 0002a023
[fch][770] send inst pc[80000098] = 00428293
[fch][771] send inst pc[8000009c] = fe62cce3
[fch][774] send inst pc[80000094] = 0002a023
[fch][775] send inst pc[80000098] = 00428293
[fch][776] send inst pc[8000009c] = fe62cce3
[fch][779] send inst pc[80000094] = 0002a023
[fch][780] send inst pc[80000098] = 00428293
[fch][781] send inst pc[8000009c] = fe62cce3
[fch][784] send inst pc[80000094] = 0002a023
[fch][785] send inst pc[80000098] = 00428293
[fch][786] send inst pc[8000009c] = fe62cce3
[fch][789] send inst pc[80000094] = 0002a023
[fch][790] send inst pc[80000098] = 00428293
[fch][791] send inst pc[8000009c] = fe62cce3
[fch][794] send inst pc[80000094] = 0002a023
[fch][795] send inst pc[80000098] = 00428293
[fch][796] send inst pc[8000009c] = fe62cce3
[fch][799] send inst pc[80000094] = 0002a023
[fch][800] send inst pc[80000098] = 00428293
[fch][801] send inst pc[8000009c] = fe62cce3
[fch][804] send inst pc[80000094] = 0002a023
[fch][805] send inst pc[80000098] = 00428293
[fch][806] send inst pc[8000009c] = fe62cce3
[fch][809] send inst pc[80000094] = 0002a023
[fch][810] send inst pc[80000098] = 00428293
[fch][811] send inst pc[8000009c] = fe62cce3
[fch][814] send inst pc[80000094] = 0002a023
[fch][815] send inst pc[80000098] = 00428293
[fch][816] send inst pc[8000009c] = fe62cce3
[fch][819] send inst pc[80000094] = 0002a023
[fch][820] send inst pc[80000098] = 00428293
[fch][821] send inst pc[8000009c] = fe62cce3
[fch][824] send inst pc[80000094] = 0002a023
[fch][825] send inst pc[80000098] = 00428293
[fch][826] send inst pc[8000009c] = fe62cce3
[fch][829] send inst pc[80000094] = 0002a023
[fch][830] send inst pc[80000098] = 00428293
[fch][831] send inst pc[8000009c] = fe62cce3
[fch][834] send inst pc[80000094] = 0002a023
[fch][835] send inst pc[80000098] = 00428293
[fch][836] send inst pc[8000009c] = fe62cce3
[fch][839] send inst pc[80000094] = 0002a023
[fch][840] send inst pc[80000098] = 00428293
[fch][841] send inst pc[8000009c] = fe62cce3
[fch][844] send inst pc[80000094] = 0002a023
[fch][845] send inst pc[80000098] = 00428293
[fch][846] send inst pc[8000009c] = fe62cce3
[fch][849] send inst pc[80000094] = 0002a023
[fch][850] send inst pc[80000098] = 00428293
[fch][851] send inst pc[8000009c] = fe62cce3
[fch][854] send inst pc[80000094] = 0002a023
[fch][855] send inst pc[80000098] = 00428293
[fch][856] send inst pc[8000009c] = fe62cce3
[fch][859] send inst pc[80000094] = 0002a023
[fch][860] send inst pc[80000098] = 00428293
[fch][861] send inst pc[8000009c] = fe62cce3
[fch][864] send inst pc[80000094] = 0002a023
[fch][865] send inst pc[80000098] = 00428293
[fch][866] send inst pc[8000009c] = fe62cce3
[fch][869] send inst pc[80000094] = 0002a023
[fch][870] send inst pc[80000098] = 00428293
[fch][871] send inst pc[8000009c] = fe62cce3
[fch][874] send inst pc[80000094] = 0002a023
[fch][875] send inst pc[80000098] = 00428293
[fch][876] send inst pc[8000009c] = fe62cce3
[fch][879] send inst pc[80000094] = 0002a023
[fch][880] send inst pc[80000098] = 00428293
[fch][881] send inst pc[8000009c] = fe62cce3
[fch][884] send inst pc[80000094] = 0002a023
[fch][885] send inst pc[80000098] = 00428293
[fch][886] send inst pc[8000009c] = fe62cce3
[fch][889] send inst pc[80000094] = 0002a023
[fch][890] send inst pc[80000098] = 00428293
[fch][891] send inst pc[8000009c] = fe62cce3
[fch][894] send inst pc[80000094] = 0002a023
[fch][895] send inst pc[80000098] = 00428293
[fch][896] send inst pc[8000009c] = fe62cce3
[fch][899] send inst pc[80000094] = 0002a023
[fch][900] send inst pc[80000098] = 00428293
[fch][901] send inst pc[8000009c] = fe62cce3
[fch][904] send inst pc[80000094] = 0002a023
[fch][905] send inst pc[80000098] = 00428293
[fch][906] send inst pc[8000009c] = fe62cce3
[fch][909] send inst pc[80000094] = 0002a023
[fch][910] send inst pc[80000098] = 00428293
[fch][911] send inst pc[8000009c] = fe62cce3
[fch][914] send inst pc[80000094] = 0002a023
[fch][915] send inst pc[80000098] = 00428293
[fch][916] send inst pc[8000009c] = fe62cce3
[fch][919] send inst pc[80000094] = 0002a023
[fch][920] send inst pc[80000098] = 00428293
[fch][921] send inst pc[8000009c] = fe62cce3
[fch][924] send inst pc[80000094] = 0002a023
[fch][925] send inst pc[80000098] = 00428293
[fch][926] send inst pc[8000009c] = fe62cce3
[fch][929] send inst pc[80000094] = 0002a023
[fch][930] send inst pc[80000098] = 00428293
[fch][931] send inst pc[8000009c] = fe62cce3
[fch][934] send inst pc[80000094] = 0002a023
[fch][935] send inst pc[80000098] = 00428293
[fch][936] send inst pc[8000009c] = fe62cce3
[fch][939] send inst pc[80000094] = 0002a023
[fch][940] send inst pc[80000098] = 00428293
[fch][941] send inst pc[8000009c] = fe62cce3
[fch][944] send inst pc[80000094] = 0002a023
[fch][945] send inst pc[80000098] = 00428293
[fch][946] send inst pc[8000009c] = fe62cce3
[fch][949] send inst pc[80000094] = 0002a023
[fch][950] send inst pc[80000098] = 00428293
[fch][951] send inst pc[8000009c] = fe62cce3
[fch][954] send inst pc[80000094] = 0002a023
[fch][955] send inst pc[80000098] = 00428293
[fch][956] send inst pc[8000009c] = fe62cce3
[fch][959] send inst pc[80000094] = 0002a023
[fch][960] send inst pc[80000098] = 00428293
[fch][961] send inst pc[8000009c] = fe62cce3
[fch][964] send inst pc[80000094] = 0002a023
[fch][965] send inst pc[80000098] = 00428293
[fch][966] send inst pc[8000009c] = fe62cce3
[fch][969] send inst pc[80000094] = 0002a023
[fch][970] send inst pc[80000098] = 00428293
[fch][971] send inst pc[8000009c] = fe62cce3
[fch][974] send inst pc[80000094] = 0002a023
[fch][975] send inst pc[80000098] = 00428293
[fch][976] send inst pc[8000009c] = fe62cce3
[fch][979] send inst pc[80000094] = 0002a023
[fch][980] send inst pc[80000098] = 00428293
[fch][981] send inst pc[8000009c] = fe62cce3
[fch][984] send inst pc[80000094] = 0002a023
[fch][985] send inst pc[80000098] = 00428293
[fch][986] send inst pc[8000009c] = fe62cce3
[fch][989] send inst pc[80000094] = 0002a023
[fch][990] send inst pc[80000098] = 00428293
[fch][991] send inst pc[8000009c] = fe62cce3
[fch][994] send inst pc[80000094] = 0002a023
[fch][995] send inst pc[80000098] = 00428293
[fch][996] send inst pc[8000009c] = fe62cce3
[fch][999] send inst pc[80000094] = 0002a023
[fch][1000] send inst pc[80000098] = 00428293
[fch][1001] send inst pc[8000009c] = fe62cce3
[fch][1004] send inst pc[80000094] = 0002a023
[fch][1005] send inst pc[80000098] = 00428293
[fch][1006] send inst pc[8000009c] = fe62cce3
[fch][1009] send inst pc[80000094] = 0002a023
[fch][1010] send inst pc[80000098] = 00428293
[fch][1011] send inst pc[8000009c] = fe62cce3
[fch][1014] send inst pc[80000094] = 0002a023
[fch][1015] send inst pc[80000098] = 00428293
[fch][1016] send inst pc[8000009c] = fe62cce3
[fch][1019] send inst pc[80000094] = 0002a023
[fch][1020] send inst pc[80000098] = 00428293
[fch][1021] send inst pc[8000009c] = fe62cce3
[fch][1024] send inst pc[80000094] = 0002a023
[fch][1025] send inst pc[80000098] = 00428293
[fch][1026] send inst pc[8000009c] = fe62cce3
[fch][1029] send inst pc[80000094] = 0002a023
[fch][1030] send inst pc[80000098] = 00428293
[fch][1031] send inst pc[8000009c] = fe62cce3
[fch][1034] send inst pc[80000094] = 0002a023
[fch][1035] send inst pc[80000098] = 00428293
[fch][1036] send inst pc[8000009c] = fe62cce3
[fch][1039] send inst pc[80000094] = 0002a023
[fch][1040] send inst pc[80000098] = 00428293
[fch][1041] send inst pc[8000009c] = fe62cce3
[fch][1044] send inst pc[80000094] = 0002a023
[fch][1045] send inst pc[80000098] = 00428293
[fch][1046] send inst pc[8000009c] = fe62cce3
[fch][1049] send inst pc[80000094] = 0002a023
[fch][1050] send inst pc[80000098] = 00428293
[fch][1051] send inst pc[8000009c] = fe62cce3
[fch][1054] send inst pc[80000094] = 0002a023
[fch][1055] send inst pc[80000098] = 00428293
[fch][1056] send inst pc[8000009c] = fe62cce3
[fch][1059] send inst pc[80000094] = 0002a023
[fch][1060] send inst pc[80000098] = 00428293
[fch][1061] send inst pc[8000009c] = fe62cce3
[fch][1064] send inst pc[80000094] = 0002a023
[fch][1065] send inst pc[80000098] = 00428293
[fch][1066] send inst pc[8000009c] = fe62cce3
[fch][1069] send inst pc[80000094] = 0002a023
[fch][1070] send inst pc[80000098] = 00428293
[fch][1071] send inst pc[8000009c] = fe62cce3
[fch][1074] send inst pc[80000094] = 0002a023
[fch][1075] send inst pc[80000098] = 00428293
[fch][1076] send inst pc[8000009c] = fe62cce3
[fch][1079] send inst pc[80000094] = 0002a023
[fch][1080] send inst pc[80000098] = 00428293
[fch][1081] send inst pc[8000009c] = fe62cce3
[fch][1084] send inst pc[80000094] = 0002a023
[fch][1085] send inst pc[80000098] = 00428293
[fch][1086] send inst pc[8000009c] = fe62cce3
[fch][1089] send inst pc[80000094] = 0002a023
[fch][1090] send inst pc[80000098] = 00428293
[fch][1091] send inst pc[8000009c] = fe62cce3
[fch][1094] send inst pc[80000094] = 0002a023
[fch][1095] send inst pc[80000098] = 00428293
[fch][1096] send inst pc[8000009c] = fe62cce3
[fch][1099] send inst pc[80000094] = 0002a023
[fch][1100] send inst pc[80000098] = 00428293
[fch][1101] send inst pc[8000009c] = fe62cce3
[fch][1104] send inst pc[80000094] = 0002a023
[fch][1105] send inst pc[80000098] = 00428293
[fch][1106] send inst pc[8000009c] = fe62cce3
[fch][1109] send inst pc[80000094] = 0002a023
[fch][1110] send inst pc[80000098] = 00428293
[fch][1111] send inst pc[8000009c] = fe62cce3
[fch][1114] send inst pc[80000094] = 0002a023
[fch][1115] send inst pc[80000098] = 00428293
[fch][1116] send inst pc[8000009c] = fe62cce3
[fch][1119] send inst pc[80000094] = 0002a023
[fch][1120] send inst pc[80000098] = 00428293
[fch][1121] send inst pc[8000009c] = fe62cce3
[fch][1124] send inst pc[80000094] = 0002a023
[fch][1125] send inst pc[80000098] = 00428293
[fch][1126] send inst pc[8000009c] = fe62cce3
[fch][1129] send inst pc[80000094] = 0002a023
[fch][1130] send inst pc[80000098] = 00428293
[fch][1131] send inst pc[8000009c] = fe62cce3
[fch][1134] send inst pc[80000094] = 0002a023
[fch][1135] send inst pc[80000098] = 00428293
[fch][1136] send inst pc[8000009c] = fe62cce3
[fch][1139] send inst pc[80000094] = 0002a023
[fch][1140] send inst pc[80000098] = 00428293
[fch][1141] send inst pc[8000009c] = fe62cce3
[fch][1144] send inst pc[80000094] = 0002a023
[fch][1145] send inst pc[80000098] = 00428293
[fch][1146] send inst pc[8000009c] = fe62cce3
[fch][1149] send inst pc[80000094] = 0002a023
[fch][1150] send inst pc[80000098] = 00428293
[fch][1151] send inst pc[8000009c] = fe62cce3
[fch][1154] send inst pc[80000094] = 0002a023
[fch][1155] send inst pc[80000098] = 00428293
[fch][1156] send inst pc[8000009c] = fe62cce3
[fch][1159] send inst pc[80000094] = 0002a023
[fch][1160] send inst pc[80000098] = 00428293
[fch][1161] send inst pc[8000009c] = fe62cce3
[fch][1164] send inst pc[80000094] = 0002a023
[fch][1165] send inst pc[80000098] = 00428293
[fch][1166] send inst pc[8000009c] = fe62cce3
[fch][1169] send inst pc[80000094] = 0002a023
[fch][1170] send inst pc[80000098] = 00428293
[fch][1171] send inst pc[8000009c] = fe62cce3
[fch][1174] send inst pc[80000094] = 0002a023
[fch][1175] send inst pc[80000098] = 00428293
[fch][1176] send inst pc[8000009c] = fe62cce3
[fch][1179] send inst pc[80000094] = 0002a023
[fch][1180] send inst pc[80000098] = 00428293
[fch][1181] send inst pc[8000009c] = fe62cce3
[fch][1184] send inst pc[80000094] = 0002a023
[fch][1185] send inst pc[80000098] = 00428293
[fch][1186] send inst pc[8000009c] = fe62cce3
[fch][1189] send inst pc[80000094] = 0002a023
[fch][1190] send inst pc[80000098] = 00428293
[fch][1191] send inst pc[8000009c] = fe62cce3
[fch][1194] send inst pc[80000094] = 0002a023
[fch][1195] send inst pc[80000098] = 00428293
[fch][1196] send inst pc[8000009c] = fe62cce3
[fch][1199] send inst pc[80000094] = 0002a023
[fch][1200] send inst pc[80000098] = 00428293
[fch][1201] send inst pc[8000009c] = fe62cce3
[fch][1204] send inst pc[80000094] = 0002a023
[fch][1205] send inst pc[80000098] = 00428293
[fch][1206] send inst pc[8000009c] = fe62cce3
[fch][1209] send inst pc[80000094] = 0002a023
[fch][1210] send inst pc[80000098] = 00428293
[fch][1211] send inst pc[8000009c] = fe62cce3
[fch][1214] send inst pc[80000094] = 0002a023
[fch][1215] send inst pc[80000098] = 00428293
[fch][1216] send inst pc[8000009c] = fe62cce3
[fch][1219] send inst pc[80000094] = 0002a023
[fch][1220] send inst pc[80000098] = 00428293
[fch][1221] send inst pc[8000009c] = fe62cce3
[fch][1224] send inst pc[80000094] = 0002a023
[fch][1225] send inst pc[80000098] = 00428293
[fch][1226] send inst pc[8000009c] = fe62cce3
[fch][1229] send inst pc[80000094] = 0002a023
[fch][1230] send inst pc[80000098] = 00428293
[fch][1231] send inst pc[8000009c] = fe62cce3
[fch][1234] send inst pc[80000094] = 0002a023
[fch][1235] send inst pc[80000098] = 00428293
[fch][1236] send inst pc[8000009c] = fe62cce3
[fch][1239] send inst pc[80000094] = 0002a023
[fch][1240] send inst pc[80000098] = 00428293
[fch][1241] send inst pc[8000009c] = fe62cce3
[fch][1244] send inst pc[80000094] = 0002a023
[fch][1245] send inst pc[80000098] = 00428293
[fch][1246] send inst pc[8000009c] = fe62cce3
[fch][1249] send inst pc[80000094] = 0002a023
[fch][1250] send inst pc[80000098] = 00428293
[fch][1251] send inst pc[8000009c] = fe62cce3
[fch][1254] send inst pc[80000094] = 0002a023
[fch][1255] send inst pc[80000098] = 00428293
[fch][1256] send inst pc[8000009c] = fe62cce3
[fch][1259] send inst pc[80000094] = 0002a023
[fch][1260] send inst pc[80000098] = 00428293
[fch][1261] send inst pc[8000009c] = fe62cce3
[fch][1264] send inst pc[80000094] = 0002a023
[fch][1265] send inst pc[80000098] = 00428293
[fch][1266] send inst pc[8000009c] = fe62cce3
[fch][1269] send inst pc[80000094] = 0002a023
[fch][1270] send inst pc[80000098] = 00428293
[fch][1271] send inst pc[8000009c] = fe62cce3
[fch][1274] send inst pc[80000094] = 0002a023
[fch][1275] send inst pc[80000098] = 00428293
[fch][1276] send inst pc[8000009c] = fe62cce3
[fch][1279] send inst pc[80000094] = 0002a023
[fch][1280] send inst pc[80000098] = 00428293
[fch][1281] send inst pc[8000009c] = fe62cce3
[fch][1284] send inst pc[80000094] = 0002a023
[fch][1285] send inst pc[80000098] = 00428293
[fch][1286] send inst pc[8000009c] = fe62cce3
[fch][1289] send inst pc[80000094] = 0002a023
[fch][1290] send inst pc[80000098] = 00428293
[fch][1291] send inst pc[8000009c] = fe62cce3
[fch][1294] send inst pc[80000094] = 0002a023
[fch][1295] send inst pc[80000098] = 00428293
[fch][1296] send inst pc[8000009c] = fe62cce3
[fch][1299] send inst pc[80000094] = 0002a023
[fch][1300] send inst pc[80000098] = 00428293
[fch][1301] send inst pc[8000009c] = fe62cce3
[fch][1304] send inst pc[80000094] = 0002a023
[fch][1305] send inst pc[80000098] = 00428293
[fch][1306] send inst pc[8000009c] = fe62cce3
[fch][1309] send inst pc[80000094] = 0002a023
[fch][1310] send inst pc[80000098] = 00428293
[fch][1311] send inst pc[8000009c] = fe62cce3
[fch][1314] send inst pc[80000094] = 0002a023
[fch][1315] send inst pc[80000098] = 00428293
[fch][1316] send inst pc[8000009c] = fe62cce3
[fch][1319] send inst pc[80000094] = 0002a023
[fch][1320] send inst pc[80000098] = 00428293
[fch][1321] send inst pc[8000009c] = fe62cce3
[fch][1324] send inst pc[80000094] = 0002a023
[fch][1325] send inst pc[80000098] = 00428293
[fch][1326] send inst pc[8000009c] = fe62cce3
[fch][1329] send inst pc[80000094] = 0002a023
[fch][1330] send inst pc[80000098] = 00428293
[fch][1331] send inst pc[8000009c] = fe62cce3
[fch][1334] send inst pc[80000094] = 0002a023
[fch][1335] send inst pc[80000098] = 00428293
[fch][1336] send inst pc[8000009c] = fe62cce3
[fch][1339] send inst pc[80000094] = 0002a023
[fch][1340] send inst pc[80000098] = 00428293
[fch][1341] send inst pc[8000009c] = fe62cce3
[fch][1344] send inst pc[80000094] = 0002a023
[fch][1345] send inst pc[80000098] = 00428293
[fch][1346] send inst pc[8000009c] = fe62cce3
[fch][1349] send inst pc[80000094] = 0002a023
[fch][1350] send inst pc[80000098] = 00428293
[fch][1351] send inst pc[8000009c] = fe62cce3
[fch][1354] send inst pc[80000094] = 0002a023
[fch][1355] send inst pc[80000098] = 00428293
[fch][1356] send inst pc[8000009c] = fe62cce3
[fch][1359] send inst pc[80000094] = 0002a023
[fch][1360] send inst pc[80000098] = 00428293
[fch][1361] send inst pc[8000009c] = fe62cce3
[fch][1364] send inst pc[80000094] = 0002a023
[fch][1365] send inst pc[80000098] = 00428293
[fch][1366] send inst pc[8000009c] = fe62cce3
[fch][1369] send inst pc[80000094] = 0002a023
[fch][1370] send inst pc[80000098] = 00428293
[fch][1371] send inst pc[8000009c] = fe62cce3
[fch][1374] send inst pc[80000094] = 0002a023
[fch][1375] send inst pc[80000098] = 00428293
[fch][1376] send inst pc[8000009c] = fe62cce3
[fch][1379] send inst pc[80000094] = 0002a023
[fch][1380] send inst pc[80000098] = 00428293
[fch][1381] send inst pc[8000009c] = fe62cce3
[fch][1384] send inst pc[80000094] = 0002a023
[fch][1385] send inst pc[80000098] = 00428293
[fch][1386] send inst pc[8000009c] = fe62cce3
[fch][1389] send inst pc[80000094] = 0002a023
[fch][1390] send inst pc[80000098] = 00428293
[fch][1391] send inst pc[8000009c] = fe62cce3
[fch][1394] send inst pc[80000094] = 0002a023
[fch][1395] send inst pc[80000098] = 00428293
[fch][1396] send inst pc[8000009c] = fe62cce3
[fch][1399] send inst pc[80000094] = 0002a023
[fch][1400] send inst pc[80000098] = 00428293
[fch][1401] send inst pc[8000009c] = fe62cce3
[fch][1404] send inst pc[80000094] = 0002a023
[fch][1405] send inst pc[80000098] = 00428293
[fch][1406] send inst pc[8000009c] = fe62cce3
[fch][1409] send inst pc[80000094] = 0002a023
[fch][1410] send inst pc[80000098] = 00428293
[fch][1411] send inst pc[8000009c] = fe62cce3
[fch][1414] send inst pc[80000094] = 0002a023
[fch][1415] send inst pc[80000098] = 00428293
[fch][1416] send inst pc[8000009c] = fe62cce3
[fch][1419] send inst pc[80000094] = 0002a023
[fch][1420] send inst pc[80000098] = 00428293
[fch][1421] send inst pc[8000009c] = fe62cce3
[fch][1424] send inst pc[80000094] = 0002a023
[fch][1425] send inst pc[80000098] = 00428293
[fch][1426] send inst pc[8000009c] = fe62cce3
[fch][1429] send inst pc[80000094] = 0002a023
[fch][1430] send inst pc[80000098] = 00428293
[fch][1431] send inst pc[8000009c] = fe62cce3
[fch][1434] send inst pc[80000094] = 0002a023
[fch][1435] send inst pc[80000098] = 00428293
[fch][1436] send inst pc[8000009c] = fe62cce3
[fch][1439] send inst pc[80000094] = 0002a023
[fch][1440] send inst pc[80000098] = 00428293
[fch][1441] send inst pc[8000009c] = fe62cce3
[fch][1444] send inst pc[80000094] = 0002a023
[fch][1445] send inst pc[80000098] = 00428293
[fch][1446] send inst pc[8000009c] = fe62cce3
[fch][1449] send inst pc[80000094] = 0002a023
[fch][1450] send inst pc[80000098] = 00428293
[fch][1451] send inst pc[8000009c] = fe62cce3
[fch][1454] send inst pc[80000094] = 0002a023
[fch][1455] send inst pc[80000098] = 00428293
[fch][1456] send inst pc[8000009c] = fe62cce3
[fch][1459] send inst pc[80000094] = 0002a023
[fch][1460] send inst pc[80000098] = 00428293
[fch][1461] send inst pc[8000009c] = fe62cce3
[fch][1464] send inst pc[80000094] = 0002a023
[fch][1465] send inst pc[80000098] = 00428293
[fch][1466] send inst pc[8000009c] = fe62cce3
[fch][1469] send inst pc[80000094] = 0002a023
[fch][1470] send inst pc[80000098] = 00428293
[fch][1471] send inst pc[8000009c] = fe62cce3
[fch][1474] send inst pc[80000094] = 0002a023
[fch][1475] send inst pc[80000098] = 00428293
[fch][1476] send inst pc[8000009c] = fe62cce3
[fch][1479] send inst pc[80000094] = 0002a023
[fch][1480] send inst pc[80000098] = 00428293
[fch][1481] send inst pc[8000009c] = fe62cce3
[fch][1484] send inst pc[80000094] = 0002a023
[fch][1485] send inst pc[80000098] = 00428293
[fch][1486] send inst pc[8000009c] = fe62cce3
[fch][1489] send inst pc[80000094] = 0002a023
[fch][1490] send inst pc[80000098] = 00428293
[fch][1491] send inst pc[8000009c] = fe62cce3
[fch][1494] send inst pc[80000094] = 0002a023
[fch][1495] send inst pc[80000098] = 00428293
[fch][1496] send inst pc[8000009c] = fe62cce3
[fch][1499] send inst pc[80000094] = 0002a023
[fch][1500] send inst pc[80000098] = 00428293
[fch][1501] send inst pc[8000009c] = fe62cce3
[fch][1504] send inst pc[80000094] = 0002a023
[fch][1505] send inst pc[80000098] = 00428293
[fch][1506] send inst pc[8000009c] = fe62cce3
[fch][1509] send inst pc[80000094] = 0002a023
[fch][1510] send inst pc[80000098] = 00428293
[fch][1511] send inst pc[8000009c] = fe62cce3
[fch][1514] send inst pc[80000094] = 0002a023
[fch][1515] send inst pc[80000098] = 00428293
[fch][1516] send inst pc[8000009c] = fe62cce3
[fch][1519] send inst pc[80000094] = 0002a023
[fch][1520] send inst pc[80000098] = 00428293
[fch][1521] send inst pc[8000009c] = fe62cce3
[fch][1524] send inst pc[80000094] = 0002a023
[fch][1525] send inst pc[80000098] = 00428293
[fch][1526] send inst pc[8000009c] = fe62cce3
[fch][1529] send inst pc[80000094] = 0002a023
[fch][1530] send inst pc[80000098] = 00428293
[fch][1531] send inst pc[8000009c] = fe62cce3
[fch][1534] send inst pc[80000094] = 0002a023
[fch][1535] send inst pc[80000098] = 00428293
[fch][1536] send inst pc[8000009c] = fe62cce3
[fch][1539] send inst pc[80000094] = 0002a023
[fch][1540] send inst pc[80000098] = 00428293
[fch][1541] send inst pc[8000009c] = fe62cce3
[fch][1544] send inst pc[80000094] = 0002a023
[fch][1545] send inst pc[80000098] = 00428293
[fch][1546] send inst pc[8000009c] = fe62cce3
[fch][1549] send inst pc[80000094] = 0002a023
[fch][1550] send inst pc[80000098] = 00428293
[fch][1551] send inst pc[8000009c] = fe62cce3
[fch][1554] send inst pc[80000094] = 0002a023
[fch][1555] send inst pc[80000098] = 00428293
[fch][1556] send inst pc[8000009c] = fe62cce3
[fch][1559] send inst pc[80000094] = 0002a023
[fch][1560] send inst pc[80000098] = 00428293
[fch][1561] send inst pc[8000009c] = fe62cce3
[fch][1564] send inst pc[80000094] = 0002a023
[fch][1565] send inst pc[80000098] = 00428293
[fch][1566] send inst pc[8000009c] = fe62cce3
[fch][1569] send inst pc[80000094] = 0002a023
[fch][1570] send inst pc[80000098] = 00428293
[fch][1571] send inst pc[8000009c] = fe62cce3
[fch][1574] send inst pc[80000094] = 0002a023
[fch][1575] send inst pc[80000098] = 00428293
[fch][1576] send inst pc[8000009c] = fe62cce3
[fch][1579] send inst pc[80000094] = 0002a023
[fch][1580] send inst pc[80000098] = 00428293
[fch][1581] send inst pc[8000009c] = fe62cce3
[fch][1584] send inst pc[80000094] = 0002a023
[fch][1585] send inst pc[80000098] = 00428293
[fch][1586] send inst pc[8000009c] = fe62cce3
[fch][1589] send inst pc[80000094] = 0002a023
[fch][1590] send inst pc[80000098] = 00428293
[fch][1591] send inst pc[8000009c] = fe62cce3
[fch][1594] send inst pc[80000094] = 0002a023
[fch][1595] send inst pc[80000098] = 00428293
[fch][1596] send inst pc[8000009c] = fe62cce3
[fch][1599] send inst pc[80000094] = 0002a023
[fch][1600] send inst pc[80000098] = 00428293
[fch][1601] send inst pc[8000009c] = fe62cce3
[fch][1604] send inst pc[80000094] = 0002a023
[fch][1605] send inst pc[80000098] = 00428293
[fch][1606] send inst pc[8000009c] = fe62cce3
[fch][1609] send inst pc[80000094] = 0002a023
[fch][1610] send inst pc[80000098] = 00428293
[fch][1611] send inst pc[8000009c] = fe62cce3
[fch][1614] send inst pc[80000094] = 0002a023
[fch][1615] send inst pc[80000098] = 00428293
[fch][1616] send inst pc[8000009c] = fe62cce3
[fch][1619] send inst pc[80000094] = 0002a023
[fch][1620] send inst pc[80000098] = 00428293
[fch][1621] send inst pc[8000009c] = fe62cce3
[fch][1624] send inst pc[80000094] = 0002a023
[fch][1625] send inst pc[80000098] = 00428293
[fch][1626] send inst pc[8000009c] = fe62cce3
[fch][1629] send inst pc[80000094] = 0002a023
[fch][1630] send inst pc[80000098] = 00428293
[fch][1631] send inst pc[8000009c] = fe62cce3
[fch][1634] send inst pc[80000094] = 0002a023
[fch][1635] send inst pc[80000098] = 00428293
[fch][1636] send inst pc[8000009c] = fe62cce3
[fch][1639] send inst pc[80000094] = 0002a023
[fch][1640] send inst pc[80000098] = 00428293
[fch][1641] send inst pc[8000009c] = fe62cce3
[fch][1644] send inst pc[80000094] = 0002a023
[fch][1645] send inst pc[80000098] = 00428293
[fch][1646] send inst pc[8000009c] = fe62cce3
[fch][1649] send inst pc[80000094] = 0002a023
[fch][1650] send inst pc[80000098] = 00428293
[fch][1651] send inst pc[8000009c] = fe62cce3
[fch][1654] send inst pc[80000094] = 0002a023
[fch][1655] send inst pc[80000098] = 00428293
[fch][1656] send inst pc[8000009c] = fe62cce3
[fch][1659] send inst pc[80000094] = 0002a023
[fch][1660] send inst pc[80000098] = 00428293
[fch][1661] send inst pc[8000009c] = fe62cce3
[fch][1664] send inst pc[80000094] = 0002a023
[fch][1665] send inst pc[80000098] = 00428293
[fch][1666] send inst pc[8000009c] = fe62cce3
[fch][1669] send inst pc[80000094] = 0002a023
[fch][1670] send inst pc[80000098] = 00428293
[fch][1671] send inst pc[8000009c] = fe62cce3
[fch][1674] send inst pc[80000094] = 0002a023
[fch][1675] send inst pc[80000098] = 00428293
[fch][1676] send inst pc[8000009c] = fe62cce3
[fch][1679] send inst pc[80000094] = 0002a023
[fch][1680] send inst pc[80000098] = 00428293
[fch][1681] send inst pc[8000009c] = fe62cce3
[fch][1684] send inst pc[80000094] = 0002a023
[fch][1685] send inst pc[80000098] = 00428293
[fch][1686] send inst pc[8000009c] = fe62cce3
[fch][1689] send inst pc[80000094] = 0002a023
[fch][1690] send inst pc[80000098] = 00428293
[fch][1691] send inst pc[8000009c] = fe62cce3
[fch][1694] send inst pc[80000094] = 0002a023
[fch][1695] send inst pc[80000098] = 00428293
[fch][1696] send inst pc[8000009c] = fe62cce3
[fch][1699] send inst pc[80000094] = 0002a023
[fch][1700] send inst pc[80000098] = 00428293
[fch][1701] send inst pc[8000009c] = fe62cce3
[fch][1704] send inst pc[80000094] = 0002a023
[fch][1705] send inst pc[80000098] = 00428293
[fch][1706] send inst pc[8000009c] = fe62cce3
[fch][1709] send inst pc[80000094] = 0002a023
[fch][1710] send inst pc[80000098] = 00428293
[fch][1711] send inst pc[8000009c] = fe62cce3
[fch][1714] send inst pc[80000094] = 0002a023
[fch][1715] send inst pc[80000098] = 00428293
[fch][1716] send inst pc[8000009c] = fe62cce3
[fch][1719] send inst pc[80000094] = 0002a023
[fch][1720] send inst pc[80000098] = 00428293
[fch][1721] send inst pc[8000009c] = fe62cce3
[fch][1724] send inst pc[80000094] = 0002a023
[fch][1725] send inst pc[80000098] = 00428293
[fch][1726] send inst pc[8000009c] = fe62cce3
[fch][1729] send inst pc[80000094] = 0002a023
[fch][1730] send inst pc[80000098] = 00428293
[fch][1731] send inst pc[8000009c] = fe62cce3
[fch][1734] send inst pc[80000094] = 0002a023
[fch][1735] send inst pc[80000098] = 00428293
[fch][1736] send inst pc[8000009c] = fe62cce3
[fch][1739] send inst pc[80000094] = 0002a023
[fch][1740] send inst pc[80000098] = 00428293
[fch][1741] send inst pc[8000009c] = fe62cce3
[fch][1744] send inst pc[80000094] = 0002a023
[fch][1745] send inst pc[80000098] = 00428293
[fch][1746] send inst pc[8000009c] = fe62cce3
[fch][1749] send inst pc[80000094] = 0002a023
[fch][1750] send inst pc[80000098] = 00428293
[fch][1751] send inst pc[8000009c] = fe62cce3
[fch][1754] send inst pc[80000094] = 0002a023
[fch][1755] send inst pc[80000098] = 00428293
[fch][1756] send inst pc[8000009c] = fe62cce3
[fch][1759] send inst pc[80000094] = 0002a023
[fch][1760] send inst pc[80000098] = 00428293
[fch][1761] send inst pc[8000009c] = fe62cce3
[fch][1764] send inst pc[80000094] = 0002a023
[fch][1765] send inst pc[80000098] = 00428293
[fch][1766] send inst pc[8000009c] = fe62cce3
[fch][1769] send inst pc[80000094] = 0002a023
[fch][1770] send inst pc[80000098] = 00428293
[fch][1771] send inst pc[8000009c] = fe62cce3
[fch][1774] send inst pc[80000094] = 0002a023
[fch][1775] send inst pc[80000098] = 00428293
[fch][1776] send inst pc[8000009c] = fe62cce3
[fch][1779] send inst pc[80000094] = 0002a023
[fch][1780] send inst pc[80000098] = 00428293
[fch][1781] send inst pc[8000009c] = fe62cce3
[fch][1784] send inst pc[80000094] = 0002a023
[fch][1785] send inst pc[80000098] = 00428293
[fch][1786] send inst pc[8000009c] = fe62cce3
[fch][1789] send inst pc[80000094] = 0002a023
[fch][1790] send inst pc[80000098] = 00428293
[fch][1791] send inst pc[8000009c] = fe62cce3
[fch][1794] send inst pc[80000094] = 0002a023
[fch][1795] send inst pc[80000098] = 00428293
[fch][1796] send inst pc[8000009c] = fe62cce3
[fch][1799] send inst pc[80000094] = 0002a023
[fch][1800] send inst pc[80000098] = 00428293
[fch][1801] send inst pc[8000009c] = fe62cce3
[fch][1804] send inst pc[80000094] = 0002a023
[fch][1805] send inst pc[80000098] = 00428293
[fch][1806] send inst pc[8000009c] = fe62cce3
[fch][1809] send inst pc[80000094] = 0002a023
[fch][1810] send inst pc[80000098] = 00428293
[fch][1811] send inst pc[8000009c] = fe62cce3
[fch][1814] send inst pc[80000094] = 0002a023
[fch][1815] send inst pc[80000098] = 00428293
[fch][1816] send inst pc[8000009c] = fe62cce3
[fch][1819] send inst pc[80000094] = 0002a023
[fch][1820] send inst pc[80000098] = 00428293
[fch][1821] send inst pc[8000009c] = fe62cce3
[fch][1824] send inst pc[80000094] = 0002a023
[fch][1825] send inst pc[80000098] = 00428293
[fch][1826] send inst pc[8000009c] = fe62cce3
[fch][1829] send inst pc[80000094] = 0002a023
[fch][1830] send inst pc[80000098] = 00428293
[fch][1831] send inst pc[8000009c] = fe62cce3
[fch][1834] send inst pc[80000094] = 0002a023
[fch][1835] send inst pc[80000098] = 00428293
[fch][1836] send inst pc[8000009c] = fe62cce3
[fch][1839] send inst pc[80000094] = 0002a023
[fch][1840] send inst pc[80000098] = 00428293
[fch][1841] send inst pc[8000009c] = fe62cce3
[fch][1844] send inst pc[80000094] = 0002a023
[fch][1845] send inst pc[80000098] = 00428293
[fch][1846] send inst pc[8000009c] = fe62cce3
[fch][1849] send inst pc[80000094] = 0002a023
[fch][1850] send inst pc[80000098] = 00428293
[fch][1851] send inst pc[8000009c] = fe62cce3
[fch][1854] send inst pc[80000094] = 0002a023
[fch][1855] send inst pc[80000098] = 00428293
[fch][1856] send inst pc[8000009c] = fe62cce3
[fch][1859] send inst pc[80000094] = 0002a023
[fch][1860] send inst pc[80000098] = 00428293
[fch][1861] send inst pc[8000009c] = fe62cce3
[fch][1864] send inst pc[80000094] = 0002a023
[fch][1865] send inst pc[80000098] = 00428293
[fch][1866] send inst pc[8000009c] = fe62cce3
[fch][1869] send inst pc[80000094] = 0002a023
[fch][1870] send inst pc[80000098] = 00428293
[fch][1871] send inst pc[8000009c] = fe62cce3
[fch][1874] send inst pc[80000094] = 0002a023
[fch][1875] send inst pc[80000098] = 00428293
[fch][1876] send inst pc[8000009c] = fe62cce3
[fch][1879] send inst pc[80000094] = 0002a023
[fch][1880] send inst pc[80000098] = 00428293
[fch][1881] send inst pc[8000009c] = fe62cce3
[fch][1884] send inst pc[80000094] = 0002a023
[fch][1885] send inst pc[80000098] = 00428293
[fch][1886] send inst pc[8000009c] = fe62cce3
[fch][1889] send inst pc[80000094] = 0002a023
[fch][1890] send inst pc[80000098] = 00428293
[fch][1891] send inst pc[8000009c] = fe62cce3
[fch][1894] send inst pc[80000094] = 0002a023
[fch][1895] send inst pc[80000098] = 00428293
[fch][1896] send inst pc[8000009c] = fe62cce3
[fch][1899] send inst pc[80000094] = 0002a023
[fch][1900] send inst pc[80000098] = 00428293
[fch][1901] send inst pc[8000009c] = fe62cce3
[fch][1904] send inst pc[80000094] = 0002a023
[fch][1905] send inst pc[80000098] = 00428293
[fch][1906] send inst pc[8000009c] = fe62cce3
[fch][1909] send inst pc[80000094] = 0002a023
[fch][1910] send inst pc[80000098] = 00428293
[fch][1911] send inst pc[8000009c] = fe62cce3
[fch][1914] send inst pc[80000094] = 0002a023
[fch][1915] send inst pc[80000098] = 00428293
[fch][1916] send inst pc[8000009c] = fe62cce3
[fch][1919] send inst pc[80000094] = 0002a023
[fch][1920] send inst pc[80000098] = 00428293
[fch][1921] send inst pc[8000009c] = fe62cce3
[fch][1924] send inst pc[80000094] = 0002a023
[fch][1925] send inst pc[80000098] = 00428293
[fch][1926] send inst pc[8000009c] = fe62cce3
[fch][1929] send inst pc[80000094] = 0002a023
[fch][1930] send inst pc[80000098] = 00428293
[fch][1931] send inst pc[8000009c] = fe62cce3
[fch][1934] send inst pc[80000094] = 0002a023
[fch][1935] send inst pc[80000098] = 00428293
[fch][1936] send inst pc[8000009c] = fe62cce3
[fch][1939] send inst pc[80000094] = 0002a023
[fch][1940] send inst pc[80000098] = 00428293
[fch][1941] send inst pc[8000009c] = fe62cce3
[fch][1944] send inst pc[80000094] = 0002a023
[fch][1945] send inst pc[80000098] = 00428293
[fch][1946] send inst pc[8000009c] = fe62cce3
[fch][1949] send inst pc[80000094] = 0002a023
[fch][1950] send inst pc[80000098] = 00428293
[fch][1951] send inst pc[8000009c] = fe62cce3
[fch][1954] send inst pc[80000094] = 0002a023
[fch][1955] send inst pc[80000098] = 00428293
[fch][1956] send inst pc[8000009c] = fe62cce3
[fch][1959] send inst pc[80000094] = 0002a023
[fch][1960] send inst pc[80000098] = 00428293
[fch][1961] send inst pc[8000009c] = fe62cce3
[fch][1964] send inst pc[80000094] = 0002a023
[fch][1965] send inst pc[80000098] = 00428293
[fch][1966] send inst pc[8000009c] = fe62cce3
[fch][1969] send inst pc[80000094] = 0002a023
[fch][1970] send inst pc[80000098] = 00428293
[fch][1971] send inst pc[8000009c] = fe62cce3
[fch][1974] send inst pc[80000094] = 0002a023
[fch][1975] send inst pc[80000098] = 00428293
[fch][1976] send inst pc[8000009c] = fe62cce3
[fch][1979] send inst pc[80000094] = 0002a023
[fch][1980] send inst pc[80000098] = 00428293
[fch][1981] send inst pc[8000009c] = fe62cce3
[fch][1984] send inst pc[80000094] = 0002a023
[fch][1985] send inst pc[80000098] = 00428293
[fch][1986] send inst pc[8000009c] = fe62cce3
[fch][1989] send inst pc[80000094] = 0002a023
[fch][1990] send inst pc[80000098] = 00428293
[fch][1991] send inst pc[8000009c] = fe62cce3
[fch][1994] send inst pc[80000094] = 0002a023
[fch][1995] send inst pc[80000098] = 00428293
[fch][1996] send inst pc[8000009c] = fe62cce3
[fch][1999] send inst pc[80000094] = 0002a023
Fatal: "/home/liuyunqi/trees/toy_scalar_dev/rtl/toy_env_slv.sv", 56: toy_top.u_toy_env_slv: at time 40100
[SYSTEM] Timeout occurs after executing 2000 cycles !
$finish called from file "/home/liuyunqi/trees/toy_scalar_dev/rtl/toy_env_slv.sv", line 56.
$finish at simulation time                40100
           V C S   S i m u l a t i o n   R e p o r t 
Time: 40100
CPU Time:      0.300 seconds;       Data structure size:   0.0Mb
Sun Jan 28 12:40:40 2024
